app/build/outputs/mapping/release/seeds.txt
ir.postex.pos.domain.model.inquiry.InquiryResponseJsonAdapter
ir.postex.pos.presentation.main.MainActivity2
ir.postex.pos.domain.model.poslogin.RefreshTokenResponse
ir.postex.pos.domain.model.ErrorResponse
ir.postex.pos.domain.model.inquiry.InquiryResponse$$serializer
ir.postex.pos.MyApplication
ir.postex.pos.MyApplication_GeneratedInjector
ir.postex.pos.domain.model.pos.PosResponse
ir.postex.pos.domain.model.inquiry.InquiryResponse
ir.postex.pos.domain.model.topup.TopUpResponse
ir.postex.pos.data.source.remote.Services
ir.postex.pos.domain.model.VerifyOtpResponseJsonAdapter
ir.postex.pos.presentation.main.navigation.NavigationRoutes$PaymentResultScreen$$serializer
ir.postex.pos.domain.model.AuthErrorResponse
ir.postex.pos.domain.model.inquiry.InquiryReceiver
ir.postex.pos.domain.model.pos.PosSettingsResponse
ir.postex.pos.domain.model.report.TransactionsItemJsonAdapter
ir.postex.pos.domain.model.enroll.EnrollResponseJsonAdapter
ir.postex.pos.presentation.main.MainViewModel
ir.postex.pos.data.source.remote.network.MainServices
ir.postex.pos.domain.model.report.DailyReportItemJsonAdapter
ir.postex.pos.domain.model.OTPResponse
ir.postex.pos.domain.model.report.DailyReportItem
ir.postex.pos.domain.model.inquiry.InquiryReceiver$$serializer
ir.postex.pos.domain.model.OTPResponseJsonAdapter
ir.postex.pos.presentation.main.MainActivity
ir.postex.pos.domain.model.report.TransactionsItem
ir.postex.pos.domain.model.topup.TopUpResponseJsonAdapter
ir.postex.pos.domain.model.UserJsonAdapter
ir.postex.pos.domain.model.poslogin.RefreshTokenRequest
ir.postex.pos.domain.model.enroll.EnrollResponse
ir.postex.pos.presentation.main.navigation.NavigationRoutes$OrderDetailsScreen$$serializer
ir.postex.pos.domain.model.AuthErrorResponseJsonAdapter
ir.postex.pos.domain.model.balance.BalanceResponse
ir.postex.pos.domain.model.balance.BalanceResponseJsonAdapter
ir.postex.pos.domain.model.User
ir.postex.pos.presentation.main.MainActivity_GeneratedInjector
ir.postex.pos.domain.model.inquiry.InquiryReceiverJsonAdapter
ir.postex.pos.domain.model.ErrorResponseJsonAdapter
ir.postex.pos.domain.model.topup.TopUpResponse$$serializer
ir.postex.pos.domain.model.VerifyOtpResponse
ir.postex.pos.domain.model.inquiry.InquiryResponse$$serializer: kotlinx.serialization.descriptors.SerialDescriptor descriptor
ir.postex.pos.domain.model.pos.PosResponse: java.lang.String guid
ir.postex.pos.domain.model.pos.PosResponse: int $stable
ir.postex.pos.presentation.main.navigation.NavigationRoutes$LoginScreen: ir.postex.pos.presentation.main.navigation.NavigationRoutes$LoginScreen INSTANCE
ir.postex.pos.domain.model.pos.PosResponse: java.lang.String amount
ir.postex.pos.presentation.main.navigation.NavigationRoutes$PaymentResultScreen: ir.postex.pos.presentation.main.navigation.NavigationRoutes$PaymentResultScreen$Companion Companion
ir.postex.pos.presentation.main.navigation.NavigationRoutes$PaymentResultScreen$$serializer: ir.postex.pos.presentation.main.navigation.NavigationRoutes$PaymentResultScreen$$serializer INSTANCE
ir.postex.pos.presentation.main.navigation.NavigationRoutes$IncreaseBalanceScreen: ir.postex.pos.presentation.main.navigation.NavigationRoutes$IncreaseBalanceScreen INSTANCE
ir.postex.pos.presentation.main.navigation.NavigationRoutes$HomeScreen: ir.postex.pos.presentation.main.navigation.NavigationRoutes$HomeScreen INSTANCE
ir.postex.pos.presentation.main.navigation.NavigationRoutes$OrderDetailsScreen: ir.postex.pos.presentation.main.navigation.NavigationRoutes$OrderDetailsScreen$Companion Companion
ir.postex.pos.presentation.main.navigation.NavigationRoutes$ConfigScreen: ir.postex.pos.presentation.main.navigation.NavigationRoutes$ConfigScreen INSTANCE
ir.postex.pos.domain.model.pos.PosSettingsResponse: java.lang.String name
ir.postex.pos.presentation.main.navigation.NavigationRoutes$OrderDetailsScreen$$serializer: kotlinx.serialization.descriptors.SerialDescriptor descriptor
ir.postex.pos.domain.model.pos.PosSettingsResponse: java.lang.String firmware
...
org.bouncycastle.pqc.jcajce.provider.rainbow.BCRainbowPrivateKey: short[][] getInvA1()
kotlinx.serialization.internal.FloatArrayBuilder: int getPosition$kotlinx_serialization_core()
org.bouncycastle.crypto.signers.ISO9796d2PSSSigner: ISO9796d2PSSSigner(org.bouncycastle.crypto.AsymmetricBlockCipher,org.bouncycastle.crypto.Digest,int,boolean)
org.bouncycastle.pqc.crypto.lms.LMSSigner: boolean verifySignature(byte[],byte[])
org.bouncycastle.jce.provider.X509CRLObject: java.util.Date getThisUpdate()
org.bouncycastle.pqc.crypto.xmss.XMSSUtil: boolean isNewBDSInitNeeded(long,int,int)
org.bouncycastle.asn1.x509.CertificatePair: org.bouncycastle.asn1.ASN1Primitive toASN1Primitive()
org.bouncycastle.pqc.crypto.xmss.XMSSPrivateKeyParameters$Builder: org.bouncycastle.pqc.crypto.xmss.BDS access$600(org.bouncycastle.pqc.crypto.xmss.XMSSPrivateKeyParameters$Builder)
org.bouncycastle.asn1.DEROctetString: void encode(org.bouncycastle.asn1.ASN1OutputStream,boolean,byte[],int,int)
org.bouncycastle.asn1.pkcs.PBEParameter: PBEParameter(org.bouncycastle.asn1.ASN1Sequence)
org.bouncycastle.math.ec.custom.sec.SecP224R1Field: void inv(int[],int[])
com.google.android.material.textfield.TextInputLayout: void setHint(int)
org.bouncycastle.pqc.math.linearalgebra.GF2nPolynomialElement: org.bouncycastle.pqc.math.linearalgebra.GF2nPolynomialElement power(int)
kotlin.coroutines.jvm.internal.BaseContinuationImpl: java.lang.String toString()
org.bouncycastle.pqc.jcajce.provider.xmss.BCXMSSPrivateKey: byte[] getEncoded()
org.bouncycastle.math.ec.custom.sec.SecT193R2Point: org.bouncycastle.math.ec.ECPoint twicePlus(org.bouncycastle.math.ec.ECPoint)
org.bouncycastle.crypto.generators.HKDFBytesGenerator: org.bouncycastle.crypto.params.KeyParameter extract(byte[],byte[])
org.bouncycastle.math.ec.LongArray: long interleave5(long)
org.bouncycastle.math.raw.Nat: int squareWordAddTo(int[],int,int,int[],int)
com.google.android.material.textfield.TextInputLayout: com.google.android.material.internal.CheckableImageButton getEndIconView()
org.bouncycastle.jcajce.provider.keystore.util.JKSKeyStoreSpi: int engineSize()
org.bouncycastle.asn1.ASN1ApplicationSpecific: boolean hasTag(int,int)
org.bouncycastle.asn1.pkcs.ContentInfo: org.bouncycastle.asn1.ASN1Encodable getContent()
org.bouncycastle.math.ec.custom.sec.SecT163K1Curve: int getK1()
androidx.compose.ui.platform.AndroidComposeView: boolean getShowLayoutBounds()
org.bouncycastle.math.ec.ECCurve$AbstractFp: org.bouncycastle.math.ec.ECFieldElement randomFieldElementMult(java.security.SecureRandom)
org.bouncycastle.pqc.math.linearalgebra.GF2Matrix: org.bouncycastle.pqc.math.linearalgebra.GF2Matrix getRightSubMatrix()
androidx.appcompat.widget.AppCompatCheckBox: void setBackgroundResource(int)
org.bouncycastle.math.ec.custom.sec.SecT239K1Curve$1: org.bouncycastle.math.ec.ECPoint lookup(int)
org.bouncycastle.math.ec.custom.sec.SecT571Field: void add(long[],int,long[],int,long[],int)
org.bouncycastle.asn1.BERSetParser: org.bouncycastle.asn1.ASN1Primitive getLoadedObject()
org.bouncycastle.crypto.modes.KCCMBlockCipher: int getUpdateOutputSize(int)
androidx.compose.ui.platform.AndroidComposeView: androidx.compose.ui.unit.Density getDensity()
org.bouncycastle.util.Arrays: boolean contains(int[],int)
kotlinx.serialization.json.internal.StreamingJsonEncoder: void encodeEnum(kotlinx.serialization.descriptors.SerialDescriptor,int)
com.google.android.material.appbar.MaterialToolbar: void setElevation(float)
kotlinx.serialization.internal.LongSerializer: void serialize(kotlinx.serialization.encoding.Encoder,java.lang.Object)
org.bouncycastle.asn1.nist.KMACwithSHAKE128_params: org.bouncycastle.asn1.nist.KMACwithSHAKE128_params getInstance(java.lang.Object)
org.bouncycastle.crypto.digests.MD2Digest: void reset()
org.bouncycastle.jcajce.util.NamedJcaJceHelper: java.security.cert.CertificateFactory createCertificateFactory(java.lang.String)