app/build/outputs/mapping/release/usage.txt
ir.postex.pos.BuildConfig
ir.postex.pos.DaggerMyApplication_HiltComponents_SingletonC$ActivityCImpl$LazyClassKeyProvider:
    ir.postex.pos.presentation.config.ConfigViewModel ir_postex_pos_presentation_config_ConfigViewModel2
    ir.postex.pos.presentation.home.HomeViewModel ir_postex_pos_presentation_home_HomeViewModel2
    ir.postex.pos.presentation.increaseBalanceScreen.IncreaseBalanceViewModel ir_postex_pos_presentation_increaseBalanceScreen_IncreaseBalanceViewModel2
    ir.postex.pos.presentation.login.SignInViewModel ir_postex_pos_presentation_login_SignInViewModel2
    ir.postex.pos.presentation.main.MainViewModel ir_postex_pos_presentation_main_MainViewModel2
    ir.postex.pos.presentation.orderdetail.OrderDetailsViewModel ir_postex_pos_presentation_orderdetail_OrderDetailsViewModel2
    ir.postex.pos.presentation.payment.PaymentViewModel ir_postex_pos_presentation_payment_PaymentViewModel2
    ir.postex.pos.presentation.reportScreen.ReportViewModel ir_postex_pos_presentation_reportScreen_ReportViewModel2
    ir.postex.pos.presentation.splash.SplashViewModel ir_postex_pos_presentation_splash_SplashViewModel2
    private void <init>()
ir.postex.pos.DaggerMyApplication_HiltComponents_SingletonC$ActivityCImpl:
    public dagger.hilt.android.internal.builders.FragmentComponentBuilder fragmentComponentBuilder()
    public dagger.hilt.android.internal.builders.ViewComponentBuilder viewComponentBuilder()
ir.postex.pos.DaggerMyApplication_HiltComponents_SingletonC$Builder:
    public ir.postex.pos.DaggerMyApplication_HiltComponents_SingletonC$Builder apiModule(ir.postex.pos.di.ApiModule)
    public ir.postex.pos.DaggerMyApplication_HiltComponents_SingletonC$Builder retrofitModule(ir.postex.pos.di.RetrofitModule)
ir.postex.pos.DaggerMyApplication_HiltComponents_SingletonC$FragmentCBuilder
ir.postex.pos.DaggerMyApplication_HiltComponents_SingletonC$FragmentCImpl
ir.postex.pos.DaggerMyApplication_HiltComponents_SingletonC$ServiceCBuilder
ir.postex.pos.DaggerMyApplication_HiltComponents_SingletonC$ServiceCImpl
ir.postex.pos.DaggerMyApplication_HiltComponents_SingletonC$SingletonCImpl:
    public java.util.Set getDisableFragmentGetContextFix()
    public dagger.hilt.android.internal.builders.ServiceComponentBuilder serviceComponentBuilder()
ir.postex.pos.DaggerMyApplication_HiltComponents_SingletonC$ViewCBuilder
ir.postex.pos.DaggerMyApplication_HiltComponents_SingletonC$ViewCImpl
ir.postex.pos.DaggerMyApplication_HiltComponents_SingletonC$ViewModelCImpl$LazyClassKeyProvider:
    ir.postex.pos.presentation.config.ConfigViewModel ir_postex_pos_presentation_config_ConfigViewModel2
    ir.postex.pos.presentation.home.HomeViewModel ir_postex_pos_presentation_home_HomeViewModel2
    ir.postex.pos.presentation.increaseBalanceScreen.IncreaseBalanceViewModel ir_postex_pos_presentation_increaseBalanceScreen_IncreaseBalanceViewModel2
    ir.postex.pos.presentation.login.SignInViewModel ir_postex_pos_presentation_login_SignInViewModel2
    ir.postex.pos.presentation.main.MainViewModel ir_postex_pos_presentation_main_MainViewModel2
    ir.postex.pos.presentation.orderdetail.OrderDetailsViewModel ir_postex_pos_presentation_orderdetail_OrderDetailsViewModel2
    ir.postex.pos.presentation.payment.PaymentViewModel ir_postex_pos_presentation_payment_PaymentViewModel2
    ir.postex.pos.presentation.reportScreen.ReportViewModel ir_postex_pos_presentation_reportScreen_ReportViewModel2
    ir.postex.pos.presentation.splash.SplashViewModel ir_postex_pos_presentation_splash_SplashViewModel2
    private void <init>()
ir.postex.pos.DaggerMyApplication_HiltComponents_SingletonC$ViewWithFragmentCBuilder
ir.postex.pos.DaggerMyApplication_HiltComponents_SingletonC$ViewWithFragmentCImpl
ir.postex.pos.DaggerMyApplication_HiltComponents_SingletonC:
    private void <init>()
ir.postex.pos.Hilt_MyApplication:
    public synthetic bridge dagger.hilt.internal.GeneratedComponentManager componentManager()
...
com.google.android.material.search.SearchBar$ScrollingViewBehavior$$InternalSyntheticThrowCCEIfNotNull$42$942a4cc207874e906943b14d23183bb641a5af021ea7174aa3873db6b2ddc6b2$0
com.google.android.material.search.SearchBar$ScrollingViewBehavior:
    public boolean initialized
    public static void setAppBarLayoutTransparent()
com.google.android.material.search.SearchBar
com.google.android.material.search.SearchView$Behavior$$InternalSyntheticThrowCCEIfNotNull$14$05963d48011d69b8919abb0ac230d63222978354d6b2b8dacd992362f966b537$0
com.google.android.material.search.SearchView$Behavior$$InternalSyntheticThrowCCEIfNotNull$16$e4d3fbe21f51ee1d5bca9ebeebfd62f56d999497eefa5555fa301492c3fb1b83$0
com.google.android.material.search.SearchView$Behavior:
    public static boolean onDependentViewChanged$2()
com.google.android.material.search.SearchView
com.google.android.material.shadow.ShadowRenderer:
    public static void drawCornerShadow()
    public static void drawEdgeShadow()
    public static android.graphics.Paint getShadowPaint()
    public final void setShadowColor(int)
com.google.android.material.shape.CornerTreatment:
    public abstract void getCornerPath()
com.google.android.material.shape.CutCornerTreatment:
    public float size
com.google.android.material.shape.EdgeTreatment:
    public static boolean forceIntersection()
    public static void getEdgePath()
com.google.android.material.shape.MaterialShapeDrawable$1:
    public static void onCornerPathCreated()
    public static void onEdgePathCreated()
com.google.android.material.shape.MaterialShapeDrawable$2
com.google.android.material.shape.MaterialShapeDrawable$MaterialShapeDrawableState:
    public android.graphics.ColorFilter colorFilter
    public int shadowCompatMode
    public int shadowCompatRotation
    public android.content.res.ColorStateList strokeTintList
    public float translationZ
    public boolean useTintColorForShadow
com.google.android.material.shape.MaterialShapeDrawable:
    public static final java.lang.String TAG
    public int resolvedTintColor
    public static android.graphics.PorterDuffColorFilter calculatePaintColorTintFilter()
    public final void calculatePathForSize(android.graphics.RectF,android.graphics.Path)
    public static void calculateStrokePath()
    public static android.graphics.PorterDuffColorFilter calculateTintColorTintFilter()
    public static void drawFillShape()
    public static void drawShape()
    public final android.graphics.RectF getBoundsInsetByStroke()
    public static float getElevation$1()
    public static android.content.res.ColorStateList getFillColor()
    public static float getInterpolation()
    public static float getParentAbsoluteElevation()
    public final int getShadowOffsetX()
    public final int getShadowOffsetY()
    public final com.google.android.material.shape.ShapeAppearanceModel getShapeAppearanceModel()
    public final float getStrokeInsetLength()
    public final float getTopLeftCornerResolvedSize()
    public static float getTopRightCornerResolvedSize()
    public static float getTranslationZ$1()
    public final float getZ()
    public static boolean hasCompatShadow()
    public static boolean hasFill()
    public static void invalidateSelfIgnoreShape()
    public static boolean isElevationOverlayEnabled()
    public final boolean isRoundRect()
    public static void maybeDrawCompatShadow()
com.google.android.material.shape.RoundedCornerTreatment:
    public float radius
    public void <init>()
com.google.android.material.shape.ShapeAppearanceModel$1